0 info it worked if it ends with ok
1 verbose cli [ 'C:\\Program Files\\nodejs\\node.exe',
1 verbose cli   'C:\\Program Files\\nodejs\\node_modules\\npm\\bin\\npm-cli.js',
1 verbose cli   'install',
1 verbose cli   'package.json',
1 verbose cli   '--save' ]
2 info using npm@3.10.3
3 info using node@v6.5.0
4 silly loadCurrentTree Starting
5 silly install loadCurrentTree
6 silly install readLocalPackageData
7 silly fetchPackageMetaData package.json
8 silly fetchOtherPackageData package.json
9 silly cache add args [ 'package.json', null ]
10 verbose cache add spec package.json
11 silly cache add parsed spec Result {
11 silly cache add   raw: 'package.json',
11 silly cache add   scope: null,
11 silly cache add   escapedName: 'package.json',
11 silly cache add   name: null,
11 silly cache add   rawSpec: 'package.json',
11 silly cache add   spec: 'C:\\Users\\Daryl\\Desktop\\ayudantia-ADSW-FISW-master\\ayudantia-extra\\package.json',
11 silly cache add   type: 'local' }
12 silly addLocalTarball shasum (computed) e7022b9984346b612fd69738ae6a7740a4156982
13 verbose addTmpTarball C:\Users\Daryl\Desktop\ayudantia-ADSW-FISW-master\ayudantia-extra\package.json not in flight; adding
14 verbose correctMkdir C:\Users\Daryl\AppData\Roaming\npm-cache correctMkdir not in flight; initializing
15 verbose addTmpTarball validating metadata from C:\Users\Daryl\Desktop\ayudantia-ADSW-FISW-master\ayudantia-extra\package.json
16 verbose tar unpack C:\Users\Daryl\Desktop\ayudantia-ADSW-FISW-master\ayudantia-extra\package.json
17 verbose tar unpacking to C:\Users\Daryl\AppData\Local\Temp\npm-5992-9fac9f79\unpack-596158b3
18 silly gentlyRm C:\Users\Daryl\AppData\Local\Temp\npm-5992-9fac9f79\unpack-596158b3 is being purged
19 verbose gentlyRm don't care about contents; nuking C:\Users\Daryl\AppData\Local\Temp\npm-5992-9fac9f79\unpack-596158b3
20 silly gunzTarPerm modes [ '777', '666' ]
21 error not a package C:\Users\Daryl\Desktop\ayudantia-ADSW-FISW-master\ayudantia-extra\package.json
22 error addLocal Could not install C:\Users\Daryl\Desktop\ayudantia-ADSW-FISW-master\ayudantia-extra\package.json
23 silly fetchPackageMetaData Error: ENOENT: no such file or directory, open 'C:\Users\Daryl\AppData\Local\Temp\npm-5992-9fac9f79\unpack-596158b3\package.json'
23 silly fetchPackageMetaData     at Error (native)
23 silly fetchPackageMetaData  error for package.json { Error: ENOENT: no such file or directory, open 'C:\Users\Daryl\AppData\Local\Temp\npm-5992-9fac9f79\unpack-596158b3\package.json'
23 silly fetchPackageMetaData     at Error (native)
23 silly fetchPackageMetaData   errno: -4058,
23 silly fetchPackageMetaData   code: 'ENOENT',
23 silly fetchPackageMetaData   syscall: 'open',
23 silly fetchPackageMetaData   path: 'C:\\Users\\Daryl\\AppData\\Local\\Temp\\npm-5992-9fac9f79\\unpack-596158b3\\package.json' }
24 silly rollbackFailedOptional Starting
25 silly rollbackFailedOptional Finishing
26 silly runTopLevelLifecycles Starting
27 silly runTopLevelLifecycles Finishing
28 silly install printInstalled
29 verbose stack Error: ENOENT: no such file or directory, open 'C:\Users\Daryl\AppData\Local\Temp\npm-5992-9fac9f79\unpack-596158b3\package.json'
29 verbose stack     at Error (native)
30 verbose cwd C:\Users\Daryl\Desktop\ayudantia-ADSW-FISW-master\ayudantia-extra
31 error Windows_NT 10.0.14393
32 error argv "C:\\Program Files\\nodejs\\node.exe" "C:\\Program Files\\nodejs\\node_modules\\npm\\bin\\npm-cli.js" "install" "package.json" "--save"
33 error node v6.5.0
34 error npm  v3.10.3
35 error path C:\Users\Daryl\AppData\Local\Temp\npm-5992-9fac9f79\unpack-596158b3\package.json
36 error code ENOENT
37 error errno -4058
38 error syscall open
39 error enoent ENOENT: no such file or directory, open 'C:\Users\Daryl\AppData\Local\Temp\npm-5992-9fac9f79\unpack-596158b3\package.json'
40 error enoent ENOENT: no such file or directory, open 'C:\Users\Daryl\AppData\Local\Temp\npm-5992-9fac9f79\unpack-596158b3\package.json'
40 error enoent This is most likely not a problem with npm itself
40 error enoent and is related to npm not being able to find a file.
41 verbose exit [ -4058, true ]
